17:24:34: Getting my IP
17:24:35: Getting my location
17:24:35: You are still in the same location
17:24:48: Getting my IP
17:24:48: Getting my location
17:24:49: Oh hello! Welcome to Malvern
17:25:46: Getting my IP
17:25:46: Getting my location
17:25:47: Oh hello! Welcome to Malvern
17:26:19: Getting my IP
17:26:20: Getting my location
17:26:20: Oh hello! Welcome to Malvern
17:26:52: Getting my IP
17:26:53: Getting my location
17:26:53: Oh hello! Welcome to Malvern
17:27:07: Getting my IP
17:27:07: Getting my location
17:27:08: Oh hello! Welcome to Malvern
17:27:53: Getting my IP
17:27:54: Getting my location
17:27:54: Oh hello! Welcome to Malvern
18:37:28: Getting my IP
18:37:29: Getting my location
18:37:30: Oh hello! Welcome to Malvern
18:38:00: Getting my IP
18:38:00: Getting my location
18:38:00: Oh hello! Welcome to Malvern
18:39:03: Getting my IP
18:39:04: Getting my location
18:39:04: Oh hello! Welcome to Malvern
19:45:05: Getting my IP
19:47:12: Error getting my IP
19:50:17: Getting my IP
19:52:24: Error getting my IP
