Initializing mongo admin UI
Mongo Express server listening on port 8081
Database connected!
Admin Database connected
{u'country': u'US', u'state': u'Pennsylvania', u'_id': ObjectId('55997a1ca7a6913b40911add'), u'city': u'Malvern', u'IP': u'73.165.163.180'}
still in the same place
member  88:f7:c7:30:5d:61  is already in DB
member  f0:1f:af:60:33:52  is already in DB
member  b8:27:eb:76:19:45  is already in DB
member  74:d0:2b:2f:b0:a7  is already in DB
member  88:f7:c7:30:5d:63  is already in DB
member  f4:f1:e1:40:96:52  is already in DB
member  e0:69:95:38:c2:8c  is already in DB
member  b4:18:d1:62:2e:24  is already in DB
member  b4:b6:76:fd:20:28  is already in DB
member  a0:02:dc:11:55:af  is already in DB
DEBUG updating users
DEBUG processing user  armageddion
DEBUG processing user  artem
DEBUG processing user  sasha
DEBUG processing user  alfr3d
DEBUG processing user  wael
DEBUG processing user  unknown
DEBUG processing user  TamTam
member  88:f7:c7:30:5d:61  is already in DB
member  f0:1f:af:60:33:52  is already in DB
member  b8:27:eb:76:19:45  is already in DB
member  74:d0:2b:2f:b0:a7  is already in DB
member  88:f7:c7:30:5d:63  is already in DB
member  f4:f1:e1:40:96:52  is already in DB
member  e0:69:95:38:c2:8c  is already in DB
member  b4:b6:76:fd:20:28  is already in DB
member  a0:02:dc:11:55:af  is already in DB
DEBUG updating users
DEBUG processing user  armageddion
DEBUG processing user  artem
DEBUG processing user  sasha
DEBUG processing user  alfr3d
DEBUG processing user  wael
DEBUG processing user  unknown
DEBUG processing user  TamTam
member  88:f7:c7:30:5d:61  is already in DB
member  f0:1f:af:60:33:52  is already in DB
member  b8:27:eb:76:19:45  is already in DB
member  74:d0:2b:2f:b0:a7  is already in DB
member  88:f7:c7:30:5d:63  is already in DB
member  e0:69:95:38:c2:8c  is already in DB
member  a0:02:dc:11:55:af  is already in DB
member  f4:f1:e1:40:96:52  is already in DB
member  b4:b6:76:fd:20:28  is already in DB
DEBUG updating users
DEBUG processing user  armageddion
DEBUG processing user  artem
DEBUG processing user  sasha
DEBUG processing user  alfr3d
DEBUG processing user  wael
DEBUG processing user  unknown
DEBUG processing user  TamTam
member  88:f7:c7:30:5d:61  is already in DB
member  f0:1f:af:60:33:52  is already in DB
member  b8:27:eb:76:19:45  is already in DB
member  74:d0:2b:2f:b0:a7  is already in DB
member  88:f7:c7:30:5d:63  is already in DB
member  e0:69:95:38:c2:8c  is already in DB
member  b4:b6:76:fd:20:28  is already in DB
member  a0:02:dc:11:55:af  is already in DB
member  f4:f1:e1:40:96:52  is already in DB
DEBUG updating users
DEBUG processing user  armageddion
DEBUG processing user  artem
DEBUG processing user  sasha
DEBUG processing user  alfr3d
DEBUG processing user  wael
DEBUG processing user  unknown
DEBUG processing user  TamTam
member  88:f7:c7:30:5d:61  is already in DB
member  f0:1f:af:60:33:52  is already in DB
member  b8:27:eb:76:19:45  is already in DB
member  74:d0:2b:2f:b0:a7  is already in DB
member  88:f7:c7:30:5d:63  is already in DB
member  e0:69:95:38:c2:8c  is already in DB
member  b4:b6:76:fd:20:28  is already in DB
member  a0:02:dc:11:55:af  is already in DB
DEBUG updating users
DEBUG processing user  armageddion
DEBUG processing user  artem
DEBUG processing user  sasha
DEBUG processing user  alfr3d
DEBUG processing user  wael
DEBUG processing user  unknown
DEBUG processing user  TamTam
member  88:f7:c7:30:5d:61  is already in DB
member  f0:1f:af:60:33:52  is already in DB
member  b8:27:eb:76:19:45  is already in DB
member  74:d0:2b:2f:b0:a7  is already in DB
member  88:f7:c7:30:5d:63  is already in DB
member  e0:69:95:38:c2:8c  is already in DB
member  b4:b6:76:fd:20:28  is already in DB
member  a0:02:dc:11:55:af  is already in DB
DEBUG updating users
DEBUG processing user  armageddion
DEBUG processing user  artem
DEBUG processing user  sasha
DEBUG processing user  alfr3d
DEBUG processing user  wael
DEBUG processing user  unknown
DEBUG processing user  TamTam
member  88:f7:c7:30:5d:61  is already in DB
member  f0:1f:af:60:33:52  is already in DB
member  b8:27:eb:76:19:45  is already in DB
member  e0:69:95:38:c2:8c  is already in DB
member  74:d0:2b:2f:b0:a7  is already in DB
member  88:f7:c7:30:5d:63  is already in DB
member  b4:b6:76:fd:20:28  is already in DB
member  a0:02:dc:11:55:af  is already in DB
DEBUG updating users
DEBUG processing user  armageddion
DEBUG processing user  artem
DEBUG processing user  sasha
DEBUG processing user  alfr3d
DEBUG processing user  wael
DEBUG processing user  unknown
DEBUG processing user  TamTam
member  88:f7:c7:30:5d:61  is already in DB
member  f0:1f:af:60:33:52  is already in DB
member  b8:27:eb:76:19:45  is already in DB
member  74:d0:2b:2f:b0:a7  is already in DB
member  88:f7:c7:30:5d:63  is already in DB
member  e0:69:95:38:c2:8c  is already in DB
member  a0:02:dc:11:55:af  is already in DB
member  f4:f1:e1:40:96:52  is already in DB
member  b4:b6:76:fd:20:28  is already in DB
DEBUG updating users
DEBUG processing user  armageddion
DEBUG processing user  artem
DEBUG processing user  sasha
DEBUG processing user  alfr3d
DEBUG processing user  wael
DEBUG processing user  unknown
DEBUG processing user  TamTam
member  88:f7:c7:30:5d:61  is already in DB
member  f0:1f:af:60:33:52  is already in DB
member  b8:27:eb:76:19:45  is already in DB
member  74:d0:2b:2f:b0:a7  is already in DB
member  88:f7:c7:30:5d:63  is already in DB
member  b4:b6:76:fd:20:28  is already in DB
member  e0:69:95:38:c2:8c  is already in DB
member  a0:02:dc:11:55:af  is already in DB
DEBUG updating users
DEBUG processing user  armageddion
DEBUG processing user  artem
DEBUG processing user  sasha
DEBUG processing user  alfr3d
DEBUG processing user  wael
DEBUG processing user  unknown
DEBUG processing user  TamTam
member  88:f7:c7:30:5d:61  is already in DB
member  f0:1f:af:60:33:52  is already in DB
member  b8:27:eb:76:19:45  is already in DB
member  74:d0:2b:2f:b0:a7  is already in DB
member  88:f7:c7:30:5d:63  is already in DB
member  e0:69:95:38:c2:8c  is already in DB
member  b4:b6:76:fd:20:28  is already in DB
member  a0:02:dc:11:55:af  is already in DB
DEBUG updating users
DEBUG processing user  armageddion
DEBUG processing user  artem
DEBUG processing user  sasha
DEBUG processing user  alfr3d
DEBUG processing user  wael
DEBUG processing user  unknown
DEBUG processing user  TamTam
member  88:f7:c7:30:5d:61  is already in DB
member  f0:1f:af:60:33:52  is already in DB
member  b8:27:eb:76:19:45  is already in DB
member  74:d0:2b:2f:b0:a7  is already in DB
member  88:f7:c7:30:5d:63  is already in DB
member  e0:69:95:38:c2:8c  is already in DB
member  b4:b6:76:fd:20:28  is already in DB
member  a0:02:dc:11:55:af  is already in DB
member  f4:f1:e1:40:96:52  is already in DB
DEBUG updating users
DEBUG processing user  armageddion
DEBUG processing user  artem
DEBUG processing user  sasha
DEBUG processing user  alfr3d
DEBUG processing user  wael
DEBUG processing user  unknown
DEBUG processing user  TamTam
member  88:f7:c7:30:5d:61  is already in DB
member  f0:1f:af:60:33:52  is already in DB
member  b8:27:eb:76:19:45  is already in DB
member  74:d0:2b:2f:b0:a7  is already in DB
member  88:f7:c7:30:5d:63  is already in DB
member  f4:f1:e1:40:96:52  is already in DB
member  e0:69:95:38:c2:8c  is already in DB
member  b4:b6:76:fd:20:28  is already in DB
member  a0:02:dc:11:55:af  is already in DB
member  b4:18:d1:62:2e:24  is already in DB
DEBUG updating users
DEBUG processing user  armageddion
DEBUG processing user  artem
DEBUG processing user  sasha
DEBUG processing user  alfr3d
DEBUG processing user  wael
DEBUG processing user  unknown
DEBUG processing user  TamTam
member  88:f7:c7:30:5d:61  is already in DB
member  f0:1f:af:60:33:52  is already in DB
member  b8:27:eb:76:19:45  is already in DB
member  74:d0:2b:2f:b0:a7  is already in DB
member  88:f7:c7:30:5d:63  is already in DB
member  b4:18:d1:62:2e:24  is already in DB
member  e0:69:95:38:c2:8c  is already in DB
member  b4:b6:76:fd:20:28  is already in DB
member  a0:02:dc:11:55:af  is already in DB
member  f4:f1:e1:40:96:52  is already in DB
DEBUG updating users
DEBUG processing user  armageddion
DEBUG processing user  artem
DEBUG processing user  sasha
DEBUG processing user  alfr3d
DEBUG processing user  wael
DEBUG processing user  unknown
DEBUG processing user  TamTam
member  88:f7:c7:30:5d:61  is already in DB
member  f0:1f:af:60:33:52  is already in DB
member  b8:27:eb:76:19:45  is already in DB
member  74:d0:2b:2f:b0:a7  is already in DB
member  88:f7:c7:30:5d:63  is already in DB
member  b4:18:d1:62:2e:24  is already in DB
member  e0:69:95:38:c2:8c  is already in DB
member  b4:b6:76:fd:20:28  is already in DB
member  a0:02:dc:11:55:af  is already in DB
member  f4:f1:e1:40:96:52  is already in DB
DEBUG updating users
DEBUG processing user  armageddion
DEBUG processing user  artem
DEBUG processing user  sasha
DEBUG processing user  alfr3d
DEBUG processing user  wael
DEBUG processing user  unknown
DEBUG processing user  TamTam
member  88:f7:c7:30:5d:61  is already in DB
member  f0:1f:af:60:33:52  is already in DB
member  b8:27:eb:76:19:45  is already in DB
member  74:d0:2b:2f:b0:a7  is already in DB
member  88:f7:c7:30:5d:63  is already in DB
member  e0:69:95:38:c2:8c  is already in DB
member  b4:b6:76:fd:20:28  is already in DB
member  a0:02:dc:11:55:af  is already in DB
member  b4:18:d1:62:2e:24  is already in DB
DEBUG updating users
DEBUG processing user  armageddion
DEBUG processing user  artem
DEBUG processing user  sasha
DEBUG processing user  alfr3d
DEBUG processing user  wael
DEBUG processing user  unknown
DEBUG processing user  TamTam
member  88:f7:c7:30:5d:61  is already in DB
member  f4:f1:e1:40:96:52  is already in DB
member  e0:69:95:38:c2:8c  is already in DB
member  f0:1f:af:60:33:52  is already in DB
member  b8:27:eb:76:19:45  is already in DB
member  b4:b6:76:fd:20:28  is already in DB
member  74:d0:2b:2f:b0:a7  is already in DB
member  88:f7:c7:30:5d:63  is already in DB
member  a0:02:dc:11:55:af  is already in DB
member  b4:18:d1:62:2e:24  is already in DB
DEBUG updating users
DEBUG processing user  armageddion
DEBUG processing user  artem
DEBUG processing user  sasha
DEBUG processing user  alfr3d
DEBUG processing user  wael
DEBUG processing user  unknown
DEBUG processing user  TamTam
member  88:f7:c7:30:5d:61  is already in DB
member  f0:1f:af:60:33:52  is already in DB
member  b8:27:eb:76:19:45  is already in DB
member  74:d0:2b:2f:b0:a7  is already in DB
member  88:f7:c7:30:5d:63  is already in DB
member  b4:18:d1:62:2e:24  is already in DB
member  e0:69:95:38:c2:8c  is already in DB
member  a0:02:dc:11:55:af  is already in DB
member  b4:b6:76:fd:20:28  is already in DB
member  f4:f1:e1:40:96:52  is already in DB
DEBUG updating users
DEBUG processing user  armageddion
DEBUG processing user  artem
DEBUG processing user  sasha
DEBUG processing user  alfr3d
DEBUG processing user  wael
DEBUG processing user  unknown
DEBUG processing user  TamTam
member  88:f7:c7:30:5d:61  is already in DB
member  f0:1f:af:60:33:52  is already in DB
member  b8:27:eb:76:19:45  is already in DB
member  74:d0:2b:2f:b0:a7  is already in DB
member  88:f7:c7:30:5d:63  is already in DB
member  b4:18:d1:62:2e:24  is already in DB
member  b4:b6:76:fd:20:28  is already in DB
member  e0:69:95:38:c2:8c  is already in DB
member  a0:02:dc:11:55:af  is already in DB
DEBUG updating users
DEBUG processing user  armageddion
DEBUG processing user  artem
DEBUG processing user  sasha
DEBUG processing user  alfr3d
DEBUG processing user  wael
DEBUG processing user  unknown
DEBUG processing user  TamTam
member  88:f7:c7:30:5d:61  is already in DB
member  f0:1f:af:60:33:52  is already in DB
member  b8:27:eb:76:19:45  is already in DB
member  74:d0:2b:2f:b0:a7  is already in DB
member  88:f7:c7:30:5d:63  is already in DB
member  f4:f1:e1:40:96:52  is already in DB
member  e0:69:95:38:c2:8c  is already in DB
member  b4:b6:76:fd:20:28  is already in DB
member  a0:02:dc:11:55:af  is already in DB
member  b4:18:d1:62:2e:24  is already in DB
DEBUG updating users
DEBUG processing user  armageddion
DEBUG processing user  artem
DEBUG processing user  sasha
DEBUG processing user  alfr3d
DEBUG processing user  wael
DEBUG processing user  unknown
DEBUG processing user  TamTam
member  88:f7:c7:30:5d:61  is already in DB
member  f0:1f:af:60:33:52  is already in DB
member  b8:27:eb:76:19:45  is already in DB
member  74:d0:2b:2f:b0:a7  is already in DB
member  88:f7:c7:30:5d:63  is already in DB
member  e0:69:95:38:c2:8c  is already in DB
member  b4:b6:76:fd:20:28  is already in DB
member  a0:02:dc:11:55:af  is already in DB
member  f4:f1:e1:40:96:52  is already in DB
DEBUG updating users
DEBUG processing user  armageddion
DEBUG processing user  artem
DEBUG processing user  sasha
DEBUG processing user  alfr3d
DEBUG processing user  wael
DEBUG processing user  unknown
DEBUG processing user  TamTam
member  88:f7:c7:30:5d:61  is already in DB
member  f0:1f:af:60:33:52  is already in DB
member  b8:27:eb:76:19:45  is already in DB
member  74:d0:2b:2f:b0:a7  is already in DB
member  88:f7:c7:30:5d:63  is already in DB
member  b4:b6:76:fd:20:28  is already in DB
member  a0:02:dc:11:55:af  is already in DB
member  e0:69:95:38:c2:8c  is already in DB
DEBUG updating users
DEBUG processing user  armageddion
DEBUG processing user  artem
DEBUG processing user  sasha
DEBUG processing user  alfr3d
DEBUG processing user  wael
DEBUG processing user  unknown
DEBUG processing user  TamTam
member  88:f7:c7:30:5d:61  is already in DB
member  f0:1f:af:60:33:52  is already in DB
member  b8:27:eb:76:19:45  is already in DB
member  74:d0:2b:2f:b0:a7  is already in DB
member  88:f7:c7:30:5d:63  is already in DB
member  f4:f1:e1:40:96:52  is already in DB
member  e0:69:95:38:c2:8c  is already in DB
member  b4:b6:76:fd:20:28  is already in DB
member  a0:02:dc:11:55:af  is already in DB
DEBUG updating users
DEBUG processing user  armageddion
DEBUG processing user  artem
DEBUG processing user  sasha
DEBUG processing user  alfr3d
DEBUG processing user  wael
DEBUG processing user  unknown
DEBUG processing user  TamTam
member  88:f7:c7:30:5d:61  is already in DB
member  f0:1f:af:60:33:52  is already in DB
member  b8:27:eb:76:19:45  is already in DB
member  f4:f1:e1:40:96:52  is already in DB
member  74:d0:2b:2f:b0:a7  is already in DB
member  88:f7:c7:30:5d:63  is already in DB
member  e0:69:95:38:c2:8c  is already in DB
member  b4:b6:76:fd:20:28  is already in DB
member  a0:02:dc:11:55:af  is already in DB
DEBUG updating users
DEBUG processing user  armageddion
DEBUG processing user  artem
DEBUG processing user  sasha
DEBUG processing user  alfr3d
DEBUG processing user  wael
DEBUG processing user  unknown
DEBUG processing user  TamTam
member  88:f7:c7:30:5d:61  is already in DB
member  f0:1f:af:60:33:52  is already in DB
member  b8:27:eb:76:19:45  is already in DB
member  74:d0:2b:2f:b0:a7  is already in DB
member  88:f7:c7:30:5d:63  is already in DB
member  e0:69:95:38:c2:8c  is already in DB
member  b4:18:d1:62:2e:24  is already in DB
member  b4:b6:76:fd:20:28  is already in DB
member  a0:02:dc:11:55:af  is already in DB
member  f4:f1:e1:40:96:52  is already in DB
DEBUG updating users
DEBUG processing user  armageddion
DEBUG processing user  artem
DEBUG processing user  sasha
DEBUG processing user  alfr3d
DEBUG processing user  wael
DEBUG processing user  unknown
DEBUG processing user  TamTam
member  88:f7:c7:30:5d:61  is already in DB
member  f0:1f:af:60:33:52  is already in DB
member  b8:27:eb:76:19:45  is already in DB
member  74:d0:2b:2f:b0:a7  is already in DB
member  88:f7:c7:30:5d:63  is already in DB
member  b4:18:d1:62:2e:24  is already in DB
member  e0:69:95:38:c2:8c  is already in DB
member  b4:b6:76:fd:20:28  is already in DB
member  a0:02:dc:11:55:af  is already in DB
DEBUG updating users
DEBUG processing user  armageddion
DEBUG processing user  artem
DEBUG processing user  sasha
DEBUG processing user  alfr3d
DEBUG processing user  wael
DEBUG processing user  unknown
DEBUG processing user  TamTam
member  88:f7:c7:30:5d:61  is already in DB
member  f0:1f:af:60:33:52  is already in DB
member  b8:27:eb:76:19:45  is already in DB
member  74:d0:2b:2f:b0:a7  is already in DB
member  88:f7:c7:30:5d:63  is already in DB
member  f4:f1:e1:40:96:52  is already in DB
member  e0:69:95:38:c2:8c  is already in DB
member  b4:b6:76:fd:20:28  is already in DB
member  a0:02:dc:11:55:af  is already in DB
member  b4:18:d1:62:2e:24  is already in DB
DEBUG updating users
DEBUG processing user  armageddion
DEBUG processing user  artem
DEBUG processing user  sasha
DEBUG processing user  alfr3d
DEBUG processing user  wael
DEBUG processing user  unknown
DEBUG processing user  TamTam
member  88:f7:c7:30:5d:61  is already in DB
member  f0:1f:af:60:33:52  is already in DB
member  b8:27:eb:76:19:45  is already in DB
member  74:d0:2b:2f:b0:a7  is already in DB
member  88:f7:c7:30:5d:63  is already in DB
member  e0:69:95:38:c2:8c  is already in DB
member  b4:b6:76:fd:20:28  is already in DB
member  b4:18:d1:62:2e:24  is already in DB
member  a0:02:dc:11:55:af  is already in DB
member  f4:f1:e1:40:96:52  is already in DB
DEBUG updating users
DEBUG processing user  armageddion
DEBUG processing user  artem
DEBUG processing user  sasha
DEBUG processing user  alfr3d
DEBUG processing user  wael
DEBUG processing user  unknown
DEBUG processing user  TamTam
member  88:f7:c7:30:5d:61  is already in DB
member  f0:1f:af:60:33:52  is already in DB
member  b8:27:eb:76:19:45  is already in DB
member  74:d0:2b:2f:b0:a7  is already in DB
member  88:f7:c7:30:5d:63  is already in DB
member  f4:f1:e1:40:96:52  is already in DB
member  e0:69:95:38:c2:8c  is already in DB
member  b4:b6:76:fd:20:28  is already in DB
member  a0:02:dc:11:55:af  is already in DB
member  b4:18:d1:62:2e:24  is already in DB
DEBUG updating users
DEBUG processing user  armageddion
DEBUG processing user  artem
DEBUG processing user  sasha
DEBUG processing user  alfr3d
DEBUG processing user  wael
DEBUG processing user  unknown
DEBUG processing user  TamTam
member  88:f7:c7:30:5d:61  is already in DB
member  f0:1f:af:60:33:52  is already in DB
member  b8:27:eb:76:19:45  is already in DB
member  74:d0:2b:2f:b0:a7  is already in DB
member  88:f7:c7:30:5d:63  is already in DB
member  b4:18:d1:62:2e:24  is already in DB
member  e0:69:95:38:c2:8c  is already in DB
member  b4:b6:76:fd:20:28  is already in DB
member  a0:02:dc:11:55:af  is already in DB
member  f4:f1:e1:40:96:52  is already in DB
DEBUG updating users
DEBUG processing user  armageddion
DEBUG processing user  artem
DEBUG processing user  sasha
DEBUG processing user  alfr3d
DEBUG processing user  wael
DEBUG processing user  unknown
DEBUG processing user  TamTam
member  88:f7:c7:30:5d:61  is already in DB
member  f0:1f:af:60:33:52  is already in DB
member  b8:27:eb:76:19:45  is already in DB
member  74:d0:2b:2f:b0:a7  is already in DB
member  88:f7:c7:30:5d:63  is already in DB
member  b4:18:d1:62:2e:24  is already in DB
member  e0:69:95:38:c2:8c  is already in DB
member  b4:b6:76:fd:20:28  is already in DB
member  a0:02:dc:11:55:af  is already in DB
DEBUG updating users
DEBUG processing user  armageddion
DEBUG processing user  artem
DEBUG processing user  sasha
DEBUG processing user  alfr3d
DEBUG processing user  wael
DEBUG processing user  unknown
DEBUG processing user  TamTam
member  88:f7:c7:30:5d:61  is already in DB
member  f0:1f:af:60:33:52  is already in DB
member  b8:27:eb:76:19:45  is already in DB
member  74:d0:2b:2f:b0:a7  is already in DB
member  88:f7:c7:30:5d:63  is already in DB
member  f4:f1:e1:40:96:52  is already in DB
member  e0:69:95:38:c2:8c  is already in DB
member  b4:b6:76:fd:20:28  is already in DB
member  a0:02:dc:11:55:af  is already in DB
DEBUG updating users
DEBUG processing user  armageddion
DEBUG processing user  artem
DEBUG processing user  sasha
DEBUG processing user  alfr3d
DEBUG processing user  wael
DEBUG processing user  unknown
DEBUG processing user  TamTam
member  88:f7:c7:30:5d:61  is already in DB
member  f0:1f:af:60:33:52  is already in DB
member  b8:27:eb:76:19:45  is already in DB
member  74:d0:2b:2f:b0:a7  is already in DB
member  88:f7:c7:30:5d:63  is already in DB
member  e0:69:95:38:c2:8c  is already in DB
member  b4:b6:76:fd:20:28  is already in DB
member  a0:02:dc:11:55:af  is already in DB
member  f4:f1:e1:40:96:52  is already in DB
member  b4:18:d1:62:2e:24  is already in DB
DEBUG updating users
DEBUG processing user  armageddion
DEBUG processing user  artem
DEBUG processing user  sasha
DEBUG processing user  alfr3d
DEBUG processing user  wael
DEBUG processing user  unknown
DEBUG processing user  TamTam
member  b8:27:eb:76:19:45  is already in DB
member  f0:1f:af:60:33:52  is already in DB
member  74:d0:2b:2f:b0:a7  is already in DB
member  88:f7:c7:30:5d:63  is already in DB
member  88:f7:c7:30:5d:61  is already in DB
member  b4:18:d1:62:2e:24  is already in DB
member  e0:69:95:38:c2:8c  is already in DB
member  b4:b6:76:fd:20:28  is already in DB
member  a0:02:dc:11:55:af  is already in DB
DEBUG updating users
DEBUG processing user  armageddion
DEBUG processing user  artem
DEBUG processing user  sasha
DEBUG processing user  alfr3d
DEBUG processing user  wael
DEBUG processing user  unknown
DEBUG processing user  TamTam
member  88:f7:c7:30:5d:61  is already in DB
member  f0:1f:af:60:33:52  is already in DB
member  b8:27:eb:76:19:45  is already in DB
member  74:d0:2b:2f:b0:a7  is already in DB
member  88:f7:c7:30:5d:63  is already in DB
member  f4:f1:e1:40:96:52  is already in DB
member  e0:69:95:38:c2:8c  is already in DB
member  b4:b6:76:fd:20:28  is already in DB
member  a0:02:dc:11:55:af  is already in DB
member  b4:18:d1:62:2e:24  is already in DB
DEBUG updating users
DEBUG processing user  armageddion
DEBUG processing user  artem
DEBUG processing user  sasha
DEBUG processing user  alfr3d
DEBUG processing user  wael
DEBUG processing user  unknown
DEBUG processing user  TamTam
member  88:f7:c7:30:5d:61  is already in DB
member  f0:1f:af:60:33:52  is already in DB
member  b8:27:eb:76:19:45  is already in DB
member  74:d0:2b:2f:b0:a7  is already in DB
member  88:f7:c7:30:5d:63  is already in DB
member  b4:18:d1:62:2e:24  is already in DB
member  e0:69:95:38:c2:8c  is already in DB
member  b4:b6:76:fd:20:28  is already in DB
member  a0:02:dc:11:55:af  is already in DB
DEBUG updating users
DEBUG processing user  armageddion
DEBUG processing user  artem
DEBUG processing user  sasha
DEBUG processing user  alfr3d
DEBUG processing user  wael
DEBUG processing user  unknown
DEBUG processing user  TamTam
member  88:f7:c7:30:5d:61  is already in DB
member  f0:1f:af:60:33:52  is already in DB
member  b8:27:eb:76:19:45  is already in DB
member  74:d0:2b:2f:b0:a7  is already in DB
member  88:f7:c7:30:5d:63  is already in DB
member  e0:69:95:38:c2:8c  is already in DB
member  b4:b6:76:fd:20:28  is already in DB
member  a0:02:dc:11:55:af  is already in DB
member  b4:18:d1:62:2e:24  is already in DB
DEBUG updating users
DEBUG processing user  armageddion
DEBUG processing user  artem
DEBUG processing user  sasha
DEBUG processing user  alfr3d
DEBUG processing user  wael
DEBUG processing user  unknown
DEBUG processing user  TamTam
member  88:f7:c7:30:5d:61  is already in DB
member  f0:1f:af:60:33:52  is already in DB
member  b8:27:eb:76:19:45  is already in DB
member  74:d0:2b:2f:b0:a7  is already in DB
member  88:f7:c7:30:5d:63  is already in DB
member  b4:18:d1:62:2e:24  is already in DB
member  e0:69:95:38:c2:8c  is already in DB
member  b4:b6:76:fd:20:28  is already in DB
member  a0:02:dc:11:55:af  is already in DB
DEBUG updating users
DEBUG processing user  armageddion
DEBUG processing user  artem
DEBUG processing user  sasha
DEBUG processing user  alfr3d
DEBUG processing user  wael
DEBUG processing user  unknown
DEBUG processing user  TamTam
member  88:f7:c7:30:5d:61  is already in DB
member  f0:1f:af:60:33:52  is already in DB
member  b8:27:eb:76:19:45  is already in DB
member  74:d0:2b:2f:b0:a7  is already in DB
member  88:f7:c7:30:5d:63  is already in DB
member  e0:69:95:38:c2:8c  is already in DB
member  b4:b6:76:fd:20:28  is already in DB
member  a0:02:dc:11:55:af  is already in DB
member  b4:18:d1:62:2e:24  is already in DB
member  f4:f1:e1:40:96:52  is already in DB
DEBUG updating users
DEBUG processing user  armageddion
DEBUG processing user  artem
DEBUG processing user  sasha
DEBUG processing user  alfr3d
DEBUG processing user  wael
DEBUG processing user  unknown
DEBUG processing user  TamTam
member  88:f7:c7:30:5d:61  is already in DB
member  b8:27:eb:76:19:45  is already in DB
member  f0:1f:af:60:33:52 