20:23:45: Handling arduments
20:23:45: No arguments to handle
20:23:45: Speaking 
23:31:47: Speaking Weather conditions are hot and windy
23:31:51: Speaking Current temperature in Philadelphia is 23 degrees
23:31:57: Speaking Meteorology wizards say that it is Thunderstorms
23:40:01: Speaking Weather conditions are hot and windy
23:40:05: Speaking Current temperature in Philadelphia is 23 degrees
23:40:11: Speaking Meteorology wizards say that it is Thunderstorms
23:40:30: Speaking Weather conditions are hot and windy
23:40:34: Speaking Current temperature in Philadelphia is 23 degrees
23:40:40: Speaking Meteorology wizards say that it is Thunderstorms
23:41:03: Speaking Weather conditions are hot and windy
23:41:09: Speaking Current temperature in Philadelphia is 23 degrees
23:41:14: Speaking Meteorology wizards say that it is Thunderstorms
23:42:25: Speaking Weather conditions are hot and windy
23:42:29: Speaking Current temperature in Philadelphia is 23 degrees
23:42:34: Speaking Meteorology wizards say that it is Thunderstorms
23:43:07: Speaking Weather conditions are hot and windy
23:43:11: Speaking Current temperature in Philadelphia is 23 degrees
23:43:16: Speaking Meteorology wizards say that it is Thunderstorms
23:43:59: Speaking Weather conditions are hot and windy
23:44:03: Speaking Current temperature in Philadelphia is 23 degrees
23:44:09: Speaking Meteorology wizards say that it is Thunderstorms
18:51:32: Speaking Weather conditions are very hot, damp and windy
18:51:37: Speaking Current temperature in Philadelphia is 28 degrees
18:51:42: Speaking Meteorology wizards are arguing that it is Partly Cloudy with wind around 11.27 kilometers per hour
