Sunday, 27 July 2014 01:06:07 
01:06:07: Getting weather data...
01:06:07: got weather data
01:06:07: Parsed weather data
01:06:07: City:                           Philadelphia
01:06:07: Windchill:                      26              	VeryCold:False
01:06:07: Wind Direction:                 190
01:06:07: Wind Speed:                     14.48              	Windy:True            Very Windy:False
01:06:07: Atmospheric Pressure            1012.7
01:06:07: Humidity                        66            	Damp:True
01:06:07: Atmospheric Pressure Rising:    1
01:06:07: Sunrise:                        5:50 am
01:06:07: Sunset:                         8:19 pm
01:06:07: Day of the week:                Sat
01:06:07: Date:                           26 Jul 2014
01:06:07: Today's Low:                    22
01:06:07: Today's High:                   29
01:06:07: Description:                    Mostly Cloudy
01:06:07: Current Temperature:            26     	Cold:False
01:06:07: Got and parsed all weather data
Sunday, 27 July 2014 01:07:28 
01:07:28: Getting weather data...
01:07:28: got weather data
01:07:28: Parsed weather data
01:07:28: City:                           Philadelphia
01:07:28: Windchill:                      26              	VeryCold:False
01:07:28: Wind Direction:                 190
01:07:28: Wind Speed:                     14.48              	Windy:True            Very Windy:False
01:07:28: Atmospheric Pressure            1012.7
01:07:28: Humidity                        66            	Damp:True
01:07:28: Atmospheric Pressure Rising:    1
01:07:28: Sunrise:                        5:50 am
01:07:28: Sunset:                         8:19 pm
01:07:28: Day of the week:                Sat
01:07:28: Date:                           26 Jul 2014
01:07:28: Today's Low:                    22
01:07:28: Today's High:                   29
01:07:28: Description:                    Mostly Cloudy
01:07:28: Current Temperature:            26     	Cold:False
01:07:28: Got and parsed all weather data
Sunday, 27 July 2014 01:28:19 
01:28:19: Getting weather data...
01:28:19: got weather data
01:28:19: Parsed weather data
01:28:19: City:                           Philadelphia
01:28:19: Windchill:                      26              	VeryCold:False
01:28:19: Wind Direction:                 190
01:28:19: Wind Speed:                     14.48              	Windy:True            Very Windy:False
01:28:19: Atmospheric Pressure            1012.7
01:28:19: Humidity                        66            	Damp:True
01:28:19: Atmospheric Pressure Rising:    1
01:28:19: Sunrise:                        5:50 am
01:28:19: Sunset:                         8:19 pm
01:28:19: Day of the week:                Sat
01:28:19: Date:                           26 Jul 2014
01:28:19: Today's Low:                    22
01:28:19: Today's High:                   29
01:28:19: Description:                    Mostly Cloudy
01:28:19: Current Temperature:            26     	Cold:False
01:28:19: Got and parsed all weather data
Sunday, 27 July 2014 01:28:49 
01:28:49: Getting weather data...
01:28:49: got weather data
01:28:49: Parsed weather data
01:28:49: City:                           Philadelphia
01:28:49: Windchill:                      26              	VeryCold:False
01:28:49: Wind Direction:                 190
01:28:49: Wind Speed:                     14.48              	Windy:True            Very Windy:False
01:28:49: Atmospheric Pressure            1012.7
01:28:49: Humidity                        66            	Damp:True
01:28:49: Atmospheric Pressure Rising:    1
01:28:49: Sunrise:                        5:50 am
01:28:49: Sunset:                         8:19 pm
01:28:49: Day of the week:                Sat
01:28:49: Date:                           26 Jul 2014
01:28:49: Today's Low:                    22
01:28:49: Today's High:                   29
01:28:49: Description:                    Mostly Cloudy
01:28:49: Current Temperature:            26     	Cold:False
01:28:49: Got and parsed all weather data
Sunday, 27 July 2014 01:31:39 
01:31:39: Getting weather data...
01:31:39: got weather data
01:31:39: Parsed weather data
01:31:39: City:                           Philadelphia
01:31:39: Windchill:                      26              	VeryCold:False
01:31:39: Wind Direction:                 190
01:31:39: Wind Speed:                     14.48              	Windy:True            Very Windy:False
01:31:39: Atmospheric Pressure            1012.7
01:31:39: Humidity                        66            	Damp:True
01:31:39: Atmospheric Pressure Rising:    1
01:31:39: Sunrise:                        5:50 am
01:31:39: Sunset:                         8:19 pm
01:31:39: Day of the week:                Sat
01:31:39: Date:                           26 Jul 2014
01:31:39: Today's Low:                    22
01:31:39: Today's High:                   29
01:31:39: Description:                    Mostly Cloudy
01:31:39: Current Temperature:            26     	Cold:False
01:31:39: Got and parsed all weather data
Sunday, 27 July 2014 01:45:30 
01:45:30: Getting weather data...
01:45:30: got weather data
01:45:30: Parsed weather data
01:45:30: City:                           Philadelphia
01:45:30: Windchill:                      26              	VeryCold:False
01:45:30: Wind Direction:                 190
01:45:30: Wind Speed:                     14.48              	Windy:True            Very Windy:False
01:45:30: Atmospheric Pressure            1012.7
01:45:30: Humidity                        66            	Damp:True
01:45:30: Atmospheric Pressure Rising:    1
01:45:30: Sunrise:                        5:50 am
01:45:30: Sunset:                         8:19 pm
01:45:30: Day of the week:                Sat
01:45:30: Date:                           26 Jul 2014
01:45:30: Today's Low:                    22
01:45:30: Today's High:                   29
01:45:30: Description:                    Mostly Cloudy
01:45:30: Current Temperature:            26     	Cold:False
01:45:30: Got and parsed all weather data
Friday, 01 August 2014 23:30:54 
23:30:54: Getting weather data...
23:30:55: got weather data
23:30:55: Parsed weather data
23:30:55: City:                           Philadelphia
23:30:55: Windchill:                      23              	VeryCold:False
23:30:55: Wind Direction:                 100
23:30:55: Wind Speed:                     8.05              	Windy:False            Very Windy:False
23:30:55: Atmospheric Pressure            1022.1
23:30:55: Humidity                        82            	Damp:True
23:30:55: Atmospheric Pressure Rising:    0
23:30:55: Sunrise:                        5:57 am
23:30:55: Sunset:                         8:12 pm
23:30:55: Day of the week:                Fri
23:30:55: Date:                           1 Aug 2014
23:30:55: Today's Low:                    21
23:30:55: Today's High:                   28
23:30:55: Description:                    Thunderstorms
23:30:55: Current Temperature:            23     	Cold:False
Friday, 01 August 2014 23:31:47 
23:31:47: Getting weather data...
23:31:47: got weather data
23:31:47: Parsed weather data
23:31:47: City:                           Philadelphia
23:31:47: Windchill:                      23              	VeryCold:False
23:31:47: Wind Direction:                 100
23:31:47: Wind Speed:                     8.05              	Windy:False            Very Windy:False
23:31:47: Atmospheric Pressure            1022.1
23:31:47: Humidity                        82            	Damp:True
23:31:47: Atmospheric Pressure Rising:    0
23:31:47: Sunrise:                        5:57 am
23:31:47: Sunset:                         8:12 pm
23:31:47: Day of the week:                Fri
23:31:47: Date:                           1 Aug 2014
23:31:47: Today's Low:                    21
23:31:47: Today's High:                   28
23:31:47: Description:                    Thunderstorms
23:31:47: Current Temperature:            23     	Cold:False
23:31:47: Got and parsed all weather data
Friday, 01 August 2014 23:35:58 
23:35:58: Getting weather data...
23:35:59: got weather data
23:35:59: Parsed weather data
23:35:59: City:                           Philadelphia
23:35:59: Windchill:                      23              	VeryCold:False
23:35:59: Wind Direction:                 100
23:35:59: Wind Speed:                     8.05              	Windy:False            Very Windy:False
23:35:59: Atmospheric Pressure            1022.1
23:35:59: Humidity                        82            	Damp:True
23:35:59: Atmospheric Pressure Rising:    0
23:35:59: Sunrise:                        5:57 am
23:35:59: Sunset:                         8:12 pm
23:35:59: Day of the week:                Fri
23:35:59: Date:                           1 Aug 2014
23:35:59: Today's Low:                    21
23:35:59: Today's High:                   28
23:35:59: Description:                    Thunderstorms
23:35:59: Current Temperature:            23     	Cold:False
Friday, 01 August 2014 23:40:00 
23:40:00: Getting weather data...
23:40:01: got weather data
23:40:01: Parsed weather data
23:40:01: City:                           Philadelphia
23:40:01: Windchill:                      23              	VeryCold:False
23:40:01: Wind Direction:                 100
23:40:01: Wind Speed:                     8.05              	Windy:False            Very Windy:False
23:40:01: Atmospheric Pressure            1022.1
23:40:01: Humidity                        82            	Damp:True
23:40:01: Atmospheric Pressure Rising:    0
23:40:01: Sunrise:                        5:57 am
23:40:01: Sunset:                         8:12 pm
23:40:01: Day of the week:                Fri
23:40:01: Date:                           1 Aug 2014
23:40:01: Today's Low:                    21
23:40:01: Today's High:                   28
23:40:01: Description:                    Thunderstorms
23:40:01: Current Temperature:            23     	Cold:False
23:40:01: Got and parsed all weather data
Friday, 01 August 2014 23:40:30 
23:40:30: Getting weather data...
23:40:30: got weather data
23:40:30: Parsed weather data
23:40:30: City:                           Philadelphia
23:40:30: Windchill:                      23              	VeryCold:False
23:40:30: Wind Direction:                 100
23:40:30: Wind Speed:                     8.05              	Windy:False            Very Windy:False
23:40:30: Atmospheric Pressure            1022.1
23:40:30: Humidity                        82            	Damp:True
23:40:30: Atmospheric Pressure Rising:    0
23:40:30: Sunrise:                        5:57 am
23:40:30: Sunset:                         8:12 pm
23:40:30: Day of the week:                Fri
23:40:30: Date:                           1 Aug 2014
23:40:30: Today's Low:                    21
23:40:30: Today's High:                   28
23:40:30: Description:                    Thunderstorms
23:40:30: Current Temperature:            23     	Cold:False
23:40:30: Weather type already exists
23:40:30: Got and parsed all weather data
Friday, 01 August 2014 23:41:02 
23:41:02: Getting weather data...
23:41:03: got weather data
23:41:03: Parsed weather data
23:41:03: City:                           Philadelphia
23:41:03: Windchill:                      23              	VeryCold:False
23:41:03: Wind Direction:                 100
23:41:03: Wind Speed:                     8.05              	Windy:False            Very Windy:False
23:41:03: Atmospheric Pressure            1022.1
23:41:03: Humidity                        82            	Damp:True
23:41:03: Atmospheric Pressure Rising:    0
23:41:03: Sunrise:                        5:57 am
23:41:03: Sunset:                         8:12 pm
23:41:03: Day of the week:                Fri
23:41:03: Date:                           1 Aug 2014
23:41:03: Today's Low:                    21
23:41:03: Today's High:                   28
23:41:03: Description:                    Thunderstorms
23:41:03: Current Temperature:            23     	Cold:False
23:41:03: Weather type already exists
23:41:03: Got and parsed all weather data
Friday, 01 August 2014 23:42:25 
23:42:25: Getting weather data...
23:42:25: got weather data
23:42:25: Parsed weather data
23:42:25: City:                           Philadelphia
23:42:25: Windchill:                      23              	VeryCold:False
23:42:25: Wind Direction:                 100
23:42:25: Wind Speed:                     8.05              	Windy:False            Very Windy:False
23:42:25: Atmospheric Pressure            1022.1
23:42:25: Humidity                        82            	Damp:True
23:42:25: Atmospheric Pressure Rising:    0
23:42:25: Sunrise:                        5:57 am
23:42:25: Sunset:                         8:12 pm
23:42:25: Day of the week:                Fri
23:42:25: Date:                           1 Aug 2014
23:42:25: Today's Low:                    21
23:42:25: Today's High:                   28
23:42:25: Description:                    Thunderstorms
23:42:25: Current Temperature:            23     	Cold:False
23:42:25: Got and parsed all weather data
Friday, 01 August 2014 23:43:07 
23:43:07: Getting weather data...
23:43:07: got weather data
23:43:07: Parsed weather data
23:43:07: City:                           Philadelphia
23:43:07: Windchill:                      23              	VeryCold:False
23:43:07: Wind Direction:                 100
23:43:07: Wind Speed:                     8.05              	Windy:False            Very Windy:False
23:43:07: Atmospheric Pressure            1022.1
23:43:07: Humidity                        82            	Damp:True
23:43:07: Atmospheric Pressure Rising:    0
23:43:07: Sunrise:                        5:57 am
23:43:07: Sunset:                         8:12 pm
23:43:07: Day of the week:                Fri
23:43:07: Date:                           1 Aug 2014
23:43:07: Today's Low:                    21
23:43:07: Today's High:                   28
23:43:07: Description:                    Thunderstorms
23:43:07: Current Temperature:            23     	Cold:False
23:43:07: Got and parsed all weather data
Friday, 01 August 2014 23:43:59 
23:43:59: Getting weather data...
23:43:59: got weather data
23:43:59: Parsed weather data
23:43:59: City:                           Philadelphia
23:43:59: Windchill:                      23              	VeryCold:False
23:43:59: Wind Direction:                 100
23:43:59: Wind Speed:                     8.05              	Windy:False            Very Windy:False
23:43:59: Atmospheric Pressure            1022.1
23:43:59: Humidity                        82            	Damp:True
23:43:59: Atmospheric Pressure Rising:    0
23:43:59: Sunrise:                        5:57 am
23:43:59: Sunset:                         8:12 pm
23:43:59: Day of the week:                Fri
23:43:59: Date:                           1 Aug 2014
23:43:59: Today's Low:                    21
23:43:59: Today's High:                   28
23:43:59: Description:                    Thunderstorms
23:43:59: Current Temperature:            23     	Cold:False
23:43:59: Got and parsed all weather data
Monday, 04 August 2014 18:51:31 
18:51:31: Getting weather data...
18:51:31: got weather data
18:51:32: Parsed weather data
18:51:32: City:                           Philadelphia
18:51:32: Windchill:                      28              	VeryCold:False
18:51:32: Wind Direction:                 230
18:51:32: Wind Speed:                     11.27              	Windy:True            Very Windy:False
18:51:32: Atmospheric Pressure            1017.1
18:51:32: Humidity                        49            	Damp:True
18:51:32: Atmospheric Pressure Rising:    2
18:51:32: Sunrise:                        6:01 am
18:51:32: Sunset:                         8:10 pm
18:51:32: Day of the week:                Mon
18:51:32: Date:                           4 Aug 2014
18:51:32: Today's Low:                    21
18:51:32: Today's High:                   29
18:51:32: Description:                    Partly Cloudy
18:51:32: Current Temperature:            28     	Cold:False
18:51:32: Got and parsed all weather data
